Arguments: 
  /usr/local/bin/node /usr/local/Cellar/yarn/1.15.2/libexec/bin/yarn.js add sarp

PATH: 
  /usr/local/bin:/usr/bin:/bin:/usr/sbin:/sbin

Yarn version: 
  1.15.2

Node version: 
  10.16.3

Platform: 
  darwin x64

Trace: 
  Error: https://registry.yarnpkg.com/sarp: Not found
      at Request.params.callback [as _callback] (/usr/local/Cellar/yarn/1.15.2/libexec/lib/cli.js:66058:18)
      at Request.self.callback (/usr/local/Cellar/yarn/1.15.2/libexec/lib/cli.js:129541:22)
      at Request.emit (events.js:198:13)
      at Request.<anonymous> (/usr/local/Cellar/yarn/1.15.2/libexec/lib/cli.js:130513:10)
      at Request.emit (events.js:198:13)
      at IncomingMessage.<anonymous> (/usr/local/Cellar/yarn/1.15.2/libexec/lib/cli.js:130435:12)
      at Object.onceWrapper (events.js:286:20)
      at IncomingMessage.emit (events.js:203:15)
      at endReadableNT (_stream_readable.js:1145:12)
      at process._tickCallback (internal/process/next_tick.js:63:19)

npm manifest: 
  {
    "name": "natours",
    "version": "1.0.0",
    "description": "Learning NodeJS, Express, MongoDB",
    "main": "app.js",
    "scripts": {
      "start:dev": "sudo nodemon server.js --inspect",
      "start:prod": "sudo NODE_ENV=production PORT=80 nodemon server.js",
      "debug": "ndb server.js",
      "watch:js": "parcel watch ./public/js/index.js --out-dir ./public/js --out-file bundle.js",
      "build:js": "parcel watch ./public/js/index.js --out-dir ./public/js --out-file bundle.js"
    },
    "author": "",
    "license": "ISC",
    "dependencies": {
      "@babel/polyfill": "^7.6.0",
      "axios": "^0.19.0",
      "bcryptjs": "^2.4.3",
      "cookie-parser": "^1.4.4",
      "dotenv": "^8.1.0",
      "express": "^4.17.1",
      "express-mongo-sanitize": "^1.3.2",
      "express-rate-limit": "^5.0.0",
      "helmet": "^3.21.1",
      "hpp": "^0.2.2",
      "jsonwebtoken": "^8.5.1",
      "mapbox": "^1.0.0-beta10",
      "mongoose": "^5.7.1",
      "morgan": "^1.9.1",
      "multer": "^1.4.2",
      "nodemailer": "^6.3.0",
      "pug": "^2.0.4",
      "slugify": "^1.3.5",
      "validator": "^11.1.0",
      "xss-clean": "^0.1.1"
    },
    "devDependencies": {
      "eslint": "^6.4.0",
      "eslint-config-airbnb": "^18.0.1",
      "eslint-config-prettier": "^6.3.0",
      "eslint-plugin-import": "^2.18.2",
      "eslint-plugin-jsx-a11y": "^6.2.3",
      "eslint-plugin-node": "^10.0.0",
      "eslint-plugin-prettier": "^3.1.1",
      "eslint-plugin-react": "^7.14.3",
      "parcel-bundler": "^1.12.4",
      "prettier": "^1.18.2"
    },
    "engines": {
      "node": ">=10.0.0"
    }
  }

yarn manifest: 
  No manifest

Lockfile: 
  No lockfile
